<?xml version="1.0" encoding="UTF-8"?>
<testng-results ignored="0" total="3" passed="2" failed="1" skipped="0">
  <reporter-output>
  </reporter-output>
  <suite started-at="2024-03-18T20:16:56 IST" name="Suite" finished-at="2024-03-18T20:17:38 IST" duration-ms="42602">
    <groups>
      <group name="TopDeals">
        <method signature="TopDealsTest.calendar()[pri:0, instance:E_Commerce.Tests.TopDealsTest@2a693f59]" name="calendar" class="E_Commerce.Tests.TopDealsTest"/>
        <method signature="TopDealsTest.pagination()[pri:0, instance:E_Commerce.Tests.TopDealsTest@2a693f59]" name="pagination" class="E_Commerce.Tests.TopDealsTest"/>
      </group> <!-- TopDeals -->
    </groups>
    <test started-at="2024-03-18T20:16:56 IST" name="Test" finished-at="2024-03-18T20:17:38 IST" duration-ms="42602">
      <class name="E_Commerce.Tests.StandAloneTest">
        <test-method is-config="true" signature="launchApplication()[pri:0, instance:E_Commerce.Tests.StandAloneTest@1750fbeb]" started-at="2024-03-18T20:16:56 IST" name="launchApplication" finished-at="2024-03-18T20:17:07 IST" duration-ms="11080" status="PASS">
          <reporter-output>
          </reporter-output>
        </test-method> <!-- launchApplication -->
        <test-method signature="productBuying()[pri:0, instance:E_Commerce.Tests.StandAloneTest@1750fbeb]" started-at="2024-03-18T20:17:07 IST" name="productBuying" finished-at="2024-03-18T20:17:18 IST" duration-ms="10753" status="PASS">
          <reporter-output>
          </reporter-output>
        </test-method> <!-- productBuying -->
        <test-method is-config="true" signature="tearDown()[pri:0, instance:E_Commerce.Tests.StandAloneTest@1750fbeb]" started-at="2024-03-18T20:17:18 IST" name="tearDown" finished-at="2024-03-18T20:17:20 IST" duration-ms="1989" status="PASS">
          <reporter-output>
          </reporter-output>
        </test-method> <!-- tearDown -->
      </class> <!-- E_Commerce.Tests.StandAloneTest -->
      <class name="E_Commerce.Tests.TopDealsTest">
        <test-method is-config="true" signature="launchApplication()[pri:0, instance:E_Commerce.Tests.TopDealsTest@2a693f59]" started-at="2024-03-18T20:17:20 IST" name="launchApplication" finished-at="2024-03-18T20:17:26 IST" duration-ms="6482" status="PASS">
          <reporter-output>
          </reporter-output>
        </test-method> <!-- launchApplication -->
        <test-method signature="calendar()[pri:0, instance:E_Commerce.Tests.TopDealsTest@2a693f59]" started-at="2024-03-18T20:17:26 IST" name="calendar" finished-at="2024-03-18T20:17:28 IST" duration-ms="1786" status="PASS">
          <reporter-output>
          </reporter-output>
        </test-method> <!-- calendar -->
        <test-method is-config="true" signature="tearDown()[pri:0, instance:E_Commerce.Tests.TopDealsTest@2a693f59]" started-at="2024-03-18T20:17:28 IST" name="tearDown" finished-at="2024-03-18T20:17:29 IST" duration-ms="724" status="PASS">
          <reporter-output>
          </reporter-output>
        </test-method> <!-- tearDown -->
        <test-method is-config="true" signature="launchApplication()[pri:0, instance:E_Commerce.Tests.TopDealsTest@2a693f59]" started-at="2024-03-18T20:17:29 IST" name="launchApplication" finished-at="2024-03-18T20:17:35 IST" duration-ms="6570" status="PASS">
          <reporter-output>
          </reporter-output>
        </test-method> <!-- launchApplication -->
        <test-method signature="pagination()[pri:0, instance:E_Commerce.Tests.TopDealsTest@2a693f59]" started-at="2024-03-18T20:17:35 IST" name="pagination" finished-at="2024-03-18T20:17:37 IST" duration-ms="2143" status="FAIL">
          <exception class="java.lang.AssertionError">
            <message>
              <![CDATA[expected [64] but found [644]]]>
            </message>
            <full-stacktrace>
              <![CDATA[java.lang.AssertionError: expected [64] but found [644]
at org.testng.Assert.fail(Assert.java:111)
at org.testng.Assert.failNotEquals(Assert.java:1578)
at org.testng.Assert.assertEqualsImpl(Assert.java:150)
at org.testng.Assert.assertEquals(Assert.java:132)
at org.testng.Assert.assertEquals(Assert.java:656)
at org.testng.Assert.assertEquals(Assert.java:666)
at E_Commerce.Tests.TopDealsTest.pagination(TopDealsTest.java:37)
at java.base/jdk.internal.reflect.DirectMethodHandleAccessor.invoke(DirectMethodHandleAccessor.java:103)
at java.base/java.lang.reflect.Method.invoke(Method.java:580)
at org.testng.internal.invokers.MethodInvocationHelper.invokeMethod(MethodInvocationHelper.java:139)
at org.testng.internal.invokers.TestInvoker.invokeMethod(TestInvoker.java:664)
at org.testng.internal.invokers.TestInvoker.invokeTestMethod(TestInvoker.java:228)
at org.testng.internal.invokers.MethodRunner.runInSequence(MethodRunner.java:63)
at org.testng.internal.invokers.TestInvoker$MethodInvocationAgent.invoke(TestInvoker.java:961)
at org.testng.internal.invokers.TestInvoker.invokeTestMethods(TestInvoker.java:201)
at org.testng.internal.invokers.TestMethodWorker.invokeTestMethods(TestMethodWorker.java:148)
at org.testng.internal.invokers.TestMethodWorker.run(TestMethodWorker.java:128)
at java.base/java.util.ArrayList.forEach(ArrayList.java:1596)
at org.testng.TestRunner.privateRun(TestRunner.java:819)
at org.testng.TestRunner.run(TestRunner.java:619)
at org.testng.SuiteRunner.runTest(SuiteRunner.java:443)
at org.testng.SuiteRunner.runSequentially(SuiteRunner.java:437)
at org.testng.SuiteRunner.privateRun(SuiteRunner.java:397)
at org.testng.SuiteRunner.run(SuiteRunner.java:336)
at org.testng.SuiteRunnerWorker.runSuite(SuiteRunnerWorker.java:52)
at org.testng.SuiteRunnerWorker.run(SuiteRunnerWorker.java:95)
at org.testng.TestNG.runSuitesSequentially(TestNG.java:1301)
at org.testng.TestNG.runSuitesLocally(TestNG.java:1228)
at org.testng.TestNG.runSuites(TestNG.java:1134)
at org.testng.TestNG.run(TestNG.java:1101)
at org.apache.maven.surefire.testng.TestNGExecutor.run(TestNGExecutor.java:308)
at org.apache.maven.surefire.testng.TestNGXmlTestSuite.execute(TestNGXmlTestSuite.java:71)
at org.apache.maven.surefire.testng.TestNGProvider.invoke(TestNGProvider.java:113)
at org.apache.maven.surefire.booter.ForkedBooter.runSuitesInProcess(ForkedBooter.java:385)
at org.apache.maven.surefire.booter.ForkedBooter.execute(ForkedBooter.java:162)
at org.apache.maven.surefire.booter.ForkedBooter.run(ForkedBooter.java:507)
at org.apache.maven.surefire.booter.ForkedBooter.main(ForkedBooter.java:495)
]]>
            </full-stacktrace>
          </exception> <!-- java.lang.AssertionError -->
          <reporter-output>
          </reporter-output>
        </test-method> <!-- pagination -->
        <test-method is-config="true" signature="tearDown()[pri:0, instance:E_Commerce.Tests.TopDealsTest@2a693f59]" started-at="2024-03-18T20:17:38 IST" name="tearDown" finished-at="2024-03-18T20:17:38 IST" duration-ms="771" status="PASS">
          <reporter-output>
          </reporter-output>
        </test-method> <!-- tearDown -->
      </class> <!-- E_Commerce.Tests.TopDealsTest -->
    </test> <!-- Test -->
  </suite> <!-- Suite -->
</testng-results>
