<?xml version="1.0" encoding="UTF-8"?>
<!-- Generated by org.testng.reporters.JUnitXMLReporter -->
<testsuite ignored="0" hostname="Gopi-PC" failures="1" tests="3" name="Test" time="42.602" errors="0" timestamp="2024-03-18T20:17:39 IST">
  <testcase classname="E_Commerce.Tests.StandAloneTest" name="productBuying" time="10.753"/>
  <testcase classname="E_Commerce.Tests.TopDealsTest" name="calendar" time="1.786"/>
  <testcase classname="E_Commerce.Tests.TopDealsTest" name="pagination" time="2.143">
    <failure type="java.lang.AssertionError" message="expected [64] but found [644]">
      <![CDATA[java.lang.AssertionError: expected [64] but found [644]
at E_Commerce.Tests.TopDealsTest.pagination(TopDealsTest.java:37)
at java.base/java.util.ArrayList.forEach(ArrayList.java:1596)
... Removed 35 stack frames]]>
    </failure>
  </testcase> <!-- pagination -->
</testsuite> <!-- Test -->
