<?xml version="1.0" encoding="UTF-8"?>
<!-- Generated by org.testng.reporters.JUnitXMLReporter -->
<testsuite ignored="0" hostname="Gopi-PC" failures="1" tests="3" name="Test" time="53.831" errors="0" timestamp="2024-03-23T18:55:03 IST">
  <testcase classname="RedBus.Tests.FooterLinksTest" name="footerLinksChecking" time="7.576">
    <failure type="java.lang.AssertionError" message="The following asserts failed:
	expected [28] but found [20]">
      <![CDATA[java.lang.AssertionError: The following asserts failed:
expected [28] but found [20]
at RedBus.Tests.FooterLinksTest.footerLinksChecking(FooterLinksTest.java:21)
at java.base/java.util.ArrayList.forEach(ArrayList.java:1596)
... Removed 31 stack frames]]>
    </failure>
  </testcase> <!-- footerLinksChecking -->
  <testcase classname="RedBus.Tests.SearchBusTest" name="BusSearch" time="7.328"/>
  <testcase classname="RedBus.Tests.SearchBusTest" name="isLogoResent" time="1.267"/>
</testsuite> <!-- Test -->
