<?xml version="1.0" encoding="UTF-8"?>
<!-- Generated by org.testng.reporters.JUnitXMLReporter -->
<testsuite ignored="1" hostname="Gopi-PC" failures="1" tests="2" name="Test" time="22.466" errors="0" timestamp="2024-03-18T19:52:55 IST">
  <testcase classname="E_Commerce.Tests.TopDealsTest" name="calendar" time="2.054"/>
  <testcase classname="E_Commerce.Tests.TopDealsTest" name="pagination" time="2.003">
    <failure type="java.lang.AssertionError" message="expected [64] but found [644]">
      <![CDATA[java.lang.AssertionError: expected [64] but found [644]
at E_Commerce.Tests.TopDealsTest.pagination(TopDealsTest.java:37)
at java.base/java.util.ArrayList.forEach(ArrayList.java:1511)
... Removed 33 stack frames]]>
    </failure>
  </testcase> <!-- pagination -->
  <testcase classname="E_Commerce.Tests.StandAloneTest" name="productBuying" time="0.0">
    <ignored/>
  </testcase> <!-- productBuying -->
</testsuite> <!-- Test -->
